[07:48:26] [main/INFO]: Loading Minecraft 1.20.4 with Fabric Loader 0.15.7
[07:48:27] [ForkJoinPool-1-worker-4/WARN]: Mod dimthread uses the version ${version} which isn't compatible with Loader's extended semantic version format (Could not parse version number component '${version}'!), SemVer is recommended for reliably evaluating dependencies and prioritizing newer version
[07:48:27] [main/WARN]: Mod resolution failed
[07:48:27] [main/INFO]: Immediate reason: [HARD_DEP_INCOMPATIBLE_PRESELECTED phosphor 0.8.1 {depends minecraft @ [1.19.x]}, ROOT_FORCELOAD_SINGLE phosphor 0.8.1]
[07:48:27] [main/INFO]: Reason: [HARD_DEP phosphor 0.8.1 {depends minecraft @ [1.19.x]}, HARD_DEP waterphysics 2.1.1 {depends fabric @ [*]}]
[07:48:27] [main/INFO]: SERVER environment disabled: [c2me-client-uncapvd, lib39-deferral]
[07:48:27] [main/INFO]: Fix: add [add:fabric 1 ([(-∞,∞)])], remove [], replace [[phosphor 0.8.1] -> add:phosphor 1 ([(-∞,∞)])]
[07:48:27] [main/ERROR]: Incompatible mods found!
net.fabricmc.loader.impl.FormattedException: Some of your mods are incompatible with the game or each other!
A potential solution has been determined, this may resolve your problem:
	 - Install fabric, any version.
	 - Replace mod 'Phosphor' (phosphor) 0.8.1 with any version that is compatible with:
		 - minecraft 1.20.4
More details:
	 - Mod 'Phosphor' (phosphor) 0.8.1 requires any 1.19.x version of 'Minecraft' (minecraft), but only the wrong version is present: 1.20.4!
	 - Mod 'Dihydrogen Monoxide Reloaded' (waterphysics) 2.1.1 requires any version of fabric, which is missing!
	at net.fabricmc.loader.impl.FormattedException.ofLocalized(FormattedException.java:51) ~[fabric-loader-0.15.7.jar:?]
	at net.fabricmc.loader.impl.FabricLoaderImpl.load(FabricLoaderImpl.java:195) ~[fabric-loader-0.15.7.jar:?]
	at net.fabricmc.loader.impl.launch.knot.Knot.init(Knot.java:146) ~[fabric-loader-0.15.7.jar:?]
	at net.fabricmc.loader.impl.launch.knot.Knot.launch(Knot.java:68) ~[fabric-loader-0.15.7.jar:?]
	at net.fabricmc.loader.impl.launch.knot.KnotServer.main(KnotServer.java:23) ~[fabric-loader-0.15.7.jar:?]
	at net.fabricmc.loader.impl.launch.server.FabricServerLauncher.main(FabricServerLauncher.java:69) ~[fabric-loader-0.15.7.jar:?]
	at net.fabricmc.installer.ServerLauncher.main(ServerLauncher.java:69) ~[fabric-server-mc.1.20.4-loader.0.15.7-launcher.1.0.0.jar:1.0.0]
